{
  "stats": {
    "suites": 2,
    "tests": 2,
    "passes": 0,
    "pending": 0,
    "failures": 2,
    "start": "2020-06-18T12:50:53.517Z",
    "end": "2020-06-18T12:52:42.997Z",
    "duration": 109480,
    "testsRegistered": 1,
    "passPercent": 0,
    "pendingPercent": 0,
    "other": 0,
    "hasOther": false,
    "skipped": 0,
    "hasSkipped": false
  },
  "results": [
    {
      "uuid": "568c8bbb-9c37-4ad5-94f5-1b9547a921e8",
      "title": "",
      "fullFile": "cypress/integration/homeVisual.js",
      "file": "cypress/integration/homeVisual.js",
      "beforeHooks": [],
      "afterHooks": [],
      "tests": [],
      "suites": [
        {
          "uuid": "07b8e002-4f56-459a-8a5f-c894c089ec43",
          "title": "Visual Test for HomePage",
          "fullFile": "",
          "file": "",
          "beforeHooks": [],
          "afterHooks": [],
          "tests": [
            {
              "title": "Open Home Page",
              "fullTitle": "Visual Test for HomePage Open Home Page",
              "timedOut": null,
              "duration": 70975,
              "state": "failed",
              "speed": null,
              "pass": false,
              "fail": true,
              "pending": false,
              "context": null,
              "code": "//cy.percySnapshot('Home')\ncy.visit('https://onix-systems.com/'); //cy.percySnapshot('HomeDowloaded')",
              "err": {
                "message": "CypressError: `cy.screenshot()` timed out waiting `30000ms` to complete.",
                "estack": "CypressError: `cy.screenshot()` timed out waiting `30000ms` to complete.\n    at http://localhost:55122/__cypress/runner/cypress_runner.js:153362:22\n    at tryCatcher (http://localhost:55122/__cypress/runner/cypress_runner.js:10161:23)\n    at http://localhost:55122/__cypress/runner/cypress_runner.js:5283:41\n    at tryCatcher (http://localhost:55122/__cypress/runner/cypress_runner.js:10161:23)\n    at Promise._settlePromiseFromHandler (http://localhost:55122/__cypress/runner/cypress_runner.js:8096:31)\n    at Promise._settlePromise (http://localhost:55122/__cypress/runner/cypress_runner.js:8153:18)\n    at Promise._settlePromise0 (http://localhost:55122/__cypress/runner/cypress_runner.js:8198:10)\n    at Promise._settlePromises (http://localhost:55122/__cypress/runner/cypress_runner.js:8274:18)\n    at _drainQueueStep (http://localhost:55122/__cypress/runner/cypress_runner.js:4868:12)\n    at _drainQueue (http://localhost:55122/__cypress/runner/cypress_runner.js:4861:9)\n    at Async.../../node_modules/bluebird/js/release/async.js.Async._drainQueues (http://localhost:55122/__cypress/runner/cypress_runner.js:4877:5)\n    at Async.drainQueues (http://localhost:55122/__cypress/runner/cypress_runner.js:4747:14)",
                "diff": null
              },
              "uuid": "5b8df5f7-0782-4af5-bb76-f6c294a772f7",
              "parentUUID": "07b8e002-4f56-459a-8a5f-c894c089ec43",
              "isHook": false,
              "skipped": false
            }
          ],
          "suites": [],
          "passes": [],
          "failures": [
            "5b8df5f7-0782-4af5-bb76-f6c294a772f7"
          ],
          "pending": [],
          "skipped": [],
          "duration": 70975,
          "root": false,
          "rootEmpty": false,
          "_timeout": 2000
        }
      ],
      "passes": [],
      "failures": [],
      "pending": [],
      "skipped": [],
      "duration": 0,
      "root": true,
      "rootEmpty": true,
      "_timeout": 2000
    }
  ],
  "meta": {
    "mocha": {
      "version": "7.0.1"
    },
    "mochawesome": {
      "options": {
        "quiet": false,
        "reportFilename": "mochawesome",
        "saveHtml": true,
        "saveJson": true,
        "consoleReporter": "spec",
        "useInlineDiffs": false,
        "code": true
      },
      "version": "6.1.1"
    },
    "marge": {
      "options": {
        "overwrite": false,
        "html": true,
        "json": true,
        "viewportWidth": 1440,
        "viewportHeight": 700
      },
      "version": "5.1.0"
    }
  }
}