{
  "stats": {
    "suites": 1,
    "tests": 1,
    "passes": 1,
    "pending": 0,
    "failures": 0,
    "start": "2020-06-17T15:12:29.361Z",
    "end": "2020-06-17T15:13:08.417Z",
    "duration": 39056,
    "testsRegistered": 1,
    "passPercent": 100,
    "pendingPercent": 0,
    "other": 0,
    "hasOther": false,
    "skipped": 0,
    "hasSkipped": false
  },
  "results": [
    {
      "uuid": "2e5fac32-56bf-443e-bbfd-c8be149b05f1",
      "title": "",
      "fullFile": "cypress/integration/homeVisual.js",
      "file": "cypress/integration/homeVisual.js",
      "beforeHooks": [],
      "afterHooks": [],
      "tests": [],
      "suites": [
        {
          "uuid": "6b752ab4-a876-4fda-afca-5d61ee92fee6",
          "title": "Visual Test for HomePage",
          "fullFile": "",
          "file": "",
          "beforeHooks": [],
          "afterHooks": [],
          "tests": [
            {
              "title": "Open Home Page",
              "fullTitle": "Visual Test for HomePage Open Home Page",
              "timedOut": null,
              "duration": 29843,
              "state": "passed",
              "speed": "slow",
              "pass": true,
              "fail": false,
              "pending": false,
              "context": null,
              "code": "//cy.percySnapshot('Home')\ncy.visit('https://onix-systems.com/'); //cy.percySnapshot('HomeDowloaded')",
              "err": {},
              "uuid": "4124fb4b-82d7-4ada-9907-7cdd9fb68d5d",
              "parentUUID": "6b752ab4-a876-4fda-afca-5d61ee92fee6",
              "isHook": false,
              "skipped": false
            }
          ],
          "suites": [],
          "passes": [
            "4124fb4b-82d7-4ada-9907-7cdd9fb68d5d"
          ],
          "failures": [],
          "pending": [],
          "skipped": [],
          "duration": 29843,
          "root": false,
          "rootEmpty": false,
          "_timeout": 2000
        }
      ],
      "passes": [],
      "failures": [],
      "pending": [],
      "skipped": [],
      "duration": 0,
      "root": true,
      "rootEmpty": true,
      "_timeout": 2000
    }
  ],
  "meta": {
    "mocha": {
      "version": "7.0.1"
    },
    "mochawesome": {
      "options": {
        "quiet": false,
        "reportFilename": "mochawesome",
        "saveHtml": true,
        "saveJson": true,
        "consoleReporter": "spec",
        "useInlineDiffs": false,
        "code": true
      },
      "version": "6.1.1"
    },
    "marge": {
      "options": null,
      "version": "5.1.0"
    }
  }
}