{
  "stats": {
    "suites": 1,
    "tests": 1,
    "passes": 1,
    "pending": 0,
    "failures": 0,
    "start": "2020-06-17T15:36:31.817Z",
    "end": "2020-06-17T15:37:23.702Z",
    "duration": 51885,
    "testsRegistered": 1,
    "passPercent": 100,
    "pendingPercent": 0,
    "other": 0,
    "hasOther": false,
    "skipped": 0,
    "hasSkipped": false
  },
  "results": [
    {
      "uuid": "a1e44d6d-b3dd-4b92-bc26-9d06047e5037",
      "title": "",
      "fullFile": "cypress/integration/homeVisual.js",
      "file": "cypress/integration/homeVisual.js",
      "beforeHooks": [],
      "afterHooks": [],
      "tests": [],
      "suites": [
        {
          "uuid": "efd1255a-b3a9-4e9b-ad7a-1a91529be49b",
          "title": "Visual Test for HomePage",
          "fullFile": "",
          "file": "",
          "beforeHooks": [],
          "afterHooks": [],
          "tests": [
            {
              "title": "Open Home Page",
              "fullTitle": "Visual Test for HomePage Open Home Page",
              "timedOut": null,
              "duration": 37820,
              "state": "passed",
              "speed": "slow",
              "pass": true,
              "fail": false,
              "pending": false,
              "context": null,
              "code": "//cy.percySnapshot('Home')\ncy.visit('https://onix-systems.com/'); //cy.percySnapshot('HomeDowloaded')",
              "err": {},
              "uuid": "5bbe2e4c-6c8a-4d8e-b94c-c02381cf1f66",
              "parentUUID": "efd1255a-b3a9-4e9b-ad7a-1a91529be49b",
              "isHook": false,
              "skipped": false
            }
          ],
          "suites": [],
          "passes": [
            "5bbe2e4c-6c8a-4d8e-b94c-c02381cf1f66"
          ],
          "failures": [],
          "pending": [],
          "skipped": [],
          "duration": 37820,
          "root": false,
          "rootEmpty": false,
          "_timeout": 2000
        }
      ],
      "passes": [],
      "failures": [],
      "pending": [],
      "skipped": [],
      "duration": 0,
      "root": true,
      "rootEmpty": true,
      "_timeout": 2000
    }
  ],
  "meta": {
    "mocha": {
      "version": "7.0.1"
    },
    "mochawesome": {
      "options": {
        "quiet": false,
        "reportFilename": "mochawesome",
        "saveHtml": true,
        "saveJson": true,
        "consoleReporter": "spec",
        "useInlineDiffs": false,
        "code": true
      },
      "version": "6.1.1"
    },
    "marge": {
      "options": null,
      "version": "5.1.0"
    }
  }
}